<?xml version="1.0" encoding="UTF-8"?>
<!-- Generated by org.testng.reporters.JUnitReportReporter -->
<testsuite hostname="DESKTOP-NRVKOD6" failures="0" tests="1" name="variousConcepts.LearnTestNG" time="6.201" errors="0" timestamp="2021-05-09T10:46:38 CDT" skipped="0">
  <testcase classname="variousConcepts.LearnTestNG" name="addCustomer" time="6.201"/>
  <system-out/>
</testsuite> <!-- variousConcepts.LearnTestNG -->
